2023-09-02 21:22:21,801 INFO MainClasses.MainProcessor run -> : All tasks are completed
2023-09-02 21:22:21,802 INFO aiogram.dispatcher start_polling -> : Start polling
2023-09-02 21:22:28,154 INFO aiogram.dispatcher _polling -> : Run polling for bot @view_big_orders_bot id=6527246630 - 'BigOrders'
2023-09-02 21:22:29,255 INFO MainClasses.MainProcessor __task -> : C98USDT initialized.
2023-09-02 21:22:29,257 INFO MainClasses.MainProcessor __task -> : 1000FLOKIUSDT initialized.
2023-09-02 21:22:29,259 INFO MainClasses.MainProcessor __task -> : SKLUSDT initialized.
2023-09-02 21:22:29,282 INFO MainClasses.MainProcessor __task -> : XVGUSDT initialized.
2023-09-02 21:22:29,283 INFO MainClasses.MainProcessor __task -> : ZENUSDT initialized.
2023-09-02 21:22:29,292 INFO MainClasses.MainProcessor __task -> : 1000XECUSDT initialized.
2023-09-02 21:22:29,294 INFO MainClasses.MainProcessor __task -> : STMXUSDT initialized.
2023-09-02 21:22:29,294 INFO MainClasses.MainProcessor __task -> : ASTRUSDT initialized.
2023-09-02 21:22:29,299 INFO MainClasses.MainProcessor __task -> : RNDRUSDT initialized.
2023-09-02 21:22:29,301 INFO MainClasses.MainProcessor __task -> : TRUUSDT initialized.
2023-09-02 21:22:29,304 INFO MainClasses.MainProcessor __task -> : CTSIUSDT initialized.
2023-09-02 21:22:29,305 INFO MainClasses.MainProcessor __task -> : 1000SHIBUSDT initialized.
2023-09-02 21:22:29,310 INFO MainClasses.MainProcessor __task -> : COTIUSDT initialized.
2023-09-02 21:22:29,311 INFO MainClasses.MainProcessor __task -> : BTCUSDT_230929 initialized.
2023-09-02 21:22:29,311 INFO MainClasses.MainProcessor __task -> : EGLDUSDT initialized.
2023-09-02 21:22:29,312 INFO MainClasses.MainProcessor __task -> : SPELLUSDT initialized.
2023-09-02 21:22:29,312 INFO MainClasses.MainProcessor __task -> : BLZUSDT initialized.
2023-09-02 21:22:29,315 INFO MainClasses.MainProcessor __task -> : QNTUSDT initialized.
2023-09-02 21:22:29,315 INFO MainClasses.MainProcessor __task -> : STGUSDT initialized.
2023-09-02 21:22:29,316 INFO MainClasses.MainProcessor __task -> : HOTUSDT initialized.
2023-09-02 21:22:29,316 INFO MainClasses.MainProcessor __task -> : HNTUSDT initialized.
2023-09-02 21:22:29,317 INFO MainClasses.MainProcessor __task -> : RLCUSDT initialized.
2023-09-02 21:22:29,317 INFO MainClasses.MainProcessor __task -> : FETUSDT initialized.
2023-09-02 21:22:29,318 INFO MainClasses.MainProcessor __task -> : INJUSDT initialized.
2023-09-02 21:22:29,318 INFO MainClasses.MainProcessor __task -> : FTTUSDT initialized.
2023-09-02 21:22:29,319 INFO MainClasses.MainProcessor __task -> : KLAYUSDT initialized.
2023-09-02 21:22:29,319 INFO MainClasses.MainProcessor __task -> : CHRUSDT initialized.
2023-09-02 21:22:29,320 INFO MainClasses.MainProcessor __task -> : VETUSDT initialized.
2023-09-02 21:22:29,320 INFO MainClasses.MainProcessor __task -> : WLDUSDT initialized.
2023-09-02 21:22:29,320 INFO MainClasses.MainProcessor __task -> : FOOTBALLUSDT initialized.
2023-09-02 21:22:29,321 INFO MainClasses.MainProcessor __task -> : GRTUSDT initialized.
2023-09-02 21:22:29,321 INFO MainClasses.MainProcessor __task -> : IDUSDT initialized.
2023-09-02 21:22:29,322 INFO MainClasses.MainProcessor __task -> : JOEUSDT initialized.
2023-09-02 21:22:29,322 INFO MainClasses.MainProcessor __task -> : EDUUSDT initialized.
2023-09-02 21:22:29,323 INFO MainClasses.MainProcessor __task -> : BALUSDT initialized.
2023-09-02 21:22:29,323 INFO MainClasses.MainProcessor __task -> : DGBUSDT initialized.
2023-09-02 21:22:29,323 INFO MainClasses.MainProcessor __task -> : LUNA2USDT initialized.
2023-09-02 21:22:29,324 INFO MainClasses.MainProcessor __task -> : BTCDOMUSDT initialized.
2023-09-02 21:22:29,324 INFO MainClasses.MainProcessor __task -> : ALICEUSDT initialized.
2023-09-02 21:22:29,325 INFO MainClasses.MainProcessor __task -> : FLOWUSDT initialized.
2023-09-02 21:22:29,325 INFO MainClasses.MainProcessor __task -> : CKBUSDT initialized.
2023-09-02 21:22:29,327 INFO MainClasses.MainProcessor __task -> : GMTUSDT initialized.
2023-09-02 21:22:29,328 INFO MainClasses.MainProcessor __task -> : XMRUSDT initialized.
2023-09-02 21:22:29,330 INFO MainClasses.MainProcessor __task -> : ONTUSDT initialized.
2023-09-02 21:22:29,330 INFO MainClasses.MainProcessor __task -> : PERPUSDT initialized.
2023-09-02 21:22:29,331 INFO MainClasses.MainProcessor __task -> : SRMUSDT initialized.
2023-09-02 21:22:29,332 INFO MainClasses.MainProcessor __task -> : PHBUSDT initialized.
2023-09-02 21:22:29,332 INFO MainClasses.MainProcessor __task -> : MINAUSDT initialized.
2023-09-02 21:22:29,332 INFO MainClasses.MainProcessor __task -> : DYDXUSDT initialized.
2023-09-02 21:22:29,333 INFO MainClasses.MainProcessor __task -> : LDOUSDT initialized.
2023-09-02 21:22:29,333 INFO MainClasses.MainProcessor __task -> : IDEXUSDT initialized.
2023-09-02 21:22:29,334 INFO MainClasses.MainProcessor __task -> : BNTUSDT initialized.
2023-09-02 21:22:29,336 INFO MainClasses.MainProcessor __task -> : AXSUSDT initialized.
2023-09-02 21:22:29,336 INFO MainClasses.MainProcessor __task -> : AMBUSDT initialized.
2023-09-02 21:22:29,338 INFO MainClasses.MainProcessor __task -> : ALGOUSDT initialized.
2023-09-02 21:22:29,339 INFO MainClasses.MainProcessor __task -> : YFIUSDT initialized.
2023-09-02 21:22:29,339 INFO MainClasses.MainProcessor __task -> : EOSUSDT initialized.
2023-09-02 21:22:29,339 INFO MainClasses.MainProcessor __task -> : CFXUSDT initialized.
2023-09-02 21:22:29,340 INFO MainClasses.MainProcessor __task -> : PEOPLEUSDT initialized.
2023-09-02 21:22:29,341 INFO MainClasses.MainProcessor __task -> : AVAXUSDT initialized.
2023-09-02 21:22:29,341 INFO MainClasses.MainProcessor __task -> : MDTUSDT initialized.
2023-09-02 21:22:29,342 INFO MainClasses.MainProcessor __task -> : STORJUSDT initialized.
2023-09-02 21:22:29,342 INFO MainClasses.MainProcessor __task -> : BNXUSDT initialized.
2023-09-02 21:22:29,342 INFO MainClasses.MainProcessor __task -> : LITUSDT initialized.
2023-09-02 21:22:29,344 INFO MainClasses.MainProcessor __task -> : OGNUSDT initialized.
2023-09-02 21:22:29,344 INFO MainClasses.MainProcessor __task -> : KNCUSDT initialized.
2023-09-02 21:22:29,345 INFO MainClasses.MainProcessor __task -> : ATAUSDT initialized.
2023-09-02 21:22:29,347 INFO MainClasses.MainProcessor __task -> : FILUSDT initialized.
2023-09-02 21:22:29,347 INFO MainClasses.MainProcessor __task -> : XRPUSDT initialized.
2023-09-02 21:22:29,347 INFO MainClasses.MainProcessor __task -> : HIGHUSDT initialized.
2023-09-02 21:22:29,348 INFO MainClasses.MainProcessor __task -> : IOSTUSDT initialized.
2023-09-02 21:22:29,348 INFO MainClasses.MainProcessor __task -> : SUIUSDT initialized.
2023-09-02 21:22:29,348 INFO MainClasses.MainProcessor __task -> : CVXUSDT initialized.
2023-09-02 21:22:29,349 INFO MainClasses.MainProcessor __task -> : ROSEUSDT initialized.
2023-09-02 21:22:29,349 INFO MainClasses.MainProcessor __task -> : STXUSDT initialized.
2023-09-02 21:22:29,350 INFO MainClasses.MainProcessor __task -> : HFTUSDT initialized.
2023-09-02 21:22:29,351 INFO MainClasses.MainProcessor __task -> : ADAUSDT initialized.
2023-09-02 21:22:29,351 INFO MainClasses.MainProcessor __task -> : SNXUSDT initialized.
2023-09-02 21:22:29,351 INFO MainClasses.MainProcessor __task -> : ZILUSDT initialized.
2023-09-02 21:22:29,352 INFO MainClasses.MainProcessor __task -> : ZECUSDT initialized.
2023-09-02 21:22:29,358 INFO MainClasses.MainProcessor __task -> : BCHUSDT initialized.
2023-09-02 21:22:29,359 INFO MainClasses.MainProcessor __task -> : GMXUSDT initialized.
2023-09-02 21:22:29,359 INFO MainClasses.MainProcessor __task -> : ETHUSDT initialized.
2023-09-02 21:22:29,360 INFO MainClasses.MainProcessor __task -> : SXPUSDT initialized.
2023-09-02 21:22:29,360 INFO MainClasses.MainProcessor __task -> : LQTYUSDT initialized.
2023-09-02 21:22:29,361 INFO MainClasses.MainProcessor __task -> : REEFUSDT initialized.
2023-09-02 21:22:29,361 INFO MainClasses.MainProcessor __task -> : ARKMUSDT initialized.
2023-09-02 21:22:29,363 INFO MainClasses.MainProcessor __task -> : AUDIOUSDT initialized.
2023-09-02 21:22:29,363 INFO MainClasses.MainProcessor __task -> : RVNUSDT initialized.
2023-09-02 21:22:29,363 INFO MainClasses.MainProcessor __task -> : GALAUSDT initialized.
2023-09-02 21:22:29,364 INFO MainClasses.MainProcessor __task -> : ARPAUSDT initialized.
2023-09-02 21:22:29,364 INFO MainClasses.MainProcessor __task -> : DASHUSDT initialized.
2023-09-02 21:22:29,364 INFO MainClasses.MainProcessor __task -> : BTSUSDT initialized.
2023-09-02 21:22:29,365 INFO MainClasses.MainProcessor __task -> : ENJUSDT initialized.
2023-09-02 21:22:29,365 INFO MainClasses.MainProcessor __task -> : ACHUSDT initialized.
2023-09-02 21:22:29,366 INFO MainClasses.MainProcessor __task -> : CELRUSDT initialized.
2023-09-02 21:22:29,366 INFO MainClasses.MainProcessor __task -> : GALUSDT initialized.
2023-09-02 21:22:29,366 INFO MainClasses.MainProcessor __task -> : CVCUSDT initialized.
2023-09-02 21:22:29,369 INFO MainClasses.MainProcessor __task -> : MAVUSDT initialized.
2023-09-02 21:22:29,370 INFO MainClasses.MainProcessor __task -> : AGIXUSDT initialized.
2023-09-02 21:22:29,370 INFO MainClasses.MainProcessor __task -> : KEYUSDT initialized.
2023-09-02 21:22:29,371 INFO MainClasses.MainProcessor __task -> : ETHUSDT_230929 initialized.
2023-09-02 21:22:29,372 INFO MainClasses.MainProcessor __task -> : QTUMUSDT initialized.
2023-09-02 21:22:29,373 INFO MainClasses.MainProcessor __task -> : ATOMUSDT initialized.
2023-09-02 21:22:29,373 INFO MainClasses.MainProcessor __task -> : OCEANUSDT initialized.
2023-09-02 21:22:29,374 INFO MainClasses.MainProcessor __task -> : TUSDT initialized.
2023-09-02 21:22:29,374 INFO MainClasses.MainProcessor __task -> : JASMYUSDT initialized.
2023-09-02 21:22:29,379 INFO MainClasses.MainProcessor __task -> : HBARUSDT initialized.
2023-09-02 21:22:29,380 INFO MainClasses.MainProcessor __task -> : COCOSUSDT initialized.
2023-09-02 21:22:29,380 INFO MainClasses.MainProcessor __task -> : RADUSDT initialized.
2023-09-02 21:22:29,381 INFO MainClasses.MainProcessor __task -> : HOOKUSDT initialized.
2023-09-02 21:22:29,381 INFO MainClasses.MainProcessor __task -> : RUNEUSDT initialized.
2023-09-02 21:22:29,382 INFO MainClasses.MainProcessor __task -> : DODOXUSDT initialized.
2023-09-02 21:22:29,382 INFO MainClasses.MainProcessor __task -> : NKNUSDT initialized.
2023-09-02 21:22:29,383 INFO MainClasses.MainProcessor __task -> : IOTAUSDT initialized.
2023-09-02 21:22:29,385 INFO MainClasses.MainProcessor __task -> : LINAUSDT initialized.
2023-09-02 21:22:29,386 INFO MainClasses.MainProcessor __task -> : LTCUSDT initialized.
2023-09-02 21:22:29,386 INFO MainClasses.MainProcessor __task -> : XLMUSDT initialized.
2023-09-02 21:22:29,387 INFO MainClasses.MainProcessor __task -> : AAVEUSDT initialized.
2023-09-02 21:22:29,387 INFO MainClasses.MainProcessor __task -> : OMGUSDT initialized.
2023-09-02 21:22:29,388 INFO MainClasses.MainProcessor __task -> : ANKRUSDT initialized.
2023-09-02 21:22:29,390 INFO MainClasses.MainProcessor __task -> : ZRXUSDT initialized.
2023-09-02 21:22:29,390 INFO MainClasses.MainProcessor __task -> : FLMUSDT initialized.
2023-09-02 21:22:29,391 INFO MainClasses.MainProcessor __task -> : API3USDT initialized.
2023-09-02 21:22:29,391 INFO MainClasses.MainProcessor __task -> : BTCUSDT_231229 initialized.
2023-09-02 21:22:29,392 INFO MainClasses.MainProcessor __task -> : BATUSDT initialized.
2023-09-02 21:22:29,392 INFO MainClasses.MainProcessor __task -> : MASKUSDT initialized.
2023-09-02 21:22:29,392 INFO MainClasses.MainProcessor __task -> : DARUSDT initialized.
2023-09-02 21:22:29,393 INFO MainClasses.MainProcessor __task -> : LRCUSDT initialized.
2023-09-02 21:22:29,393 INFO MainClasses.MainProcessor __task -> : TRXUSDT initialized.
2023-09-02 21:22:29,393 INFO MainClasses.MainProcessor __task -> : NMRUSDT initialized.
2023-09-02 21:22:29,394 INFO MainClasses.MainProcessor __task -> : MKRUSDT initialized.
2023-09-02 21:22:29,394 INFO MainClasses.MainProcessor __task -> : LPTUSDT initialized.
2023-09-02 21:22:29,394 INFO MainClasses.MainProcessor __task -> : KSMUSDT initialized.
2023-09-02 21:22:29,395 INFO MainClasses.MainProcessor __task -> : IOTXUSDT initialized.
2023-09-02 21:22:29,395 INFO MainClasses.MainProcessor __task -> : ALPHAUSDT initialized.
2023-09-02 21:22:29,397 INFO MainClasses.MainProcessor __task -> : MANAUSDT initialized.
2023-09-02 21:22:29,397 INFO MainClasses.MainProcessor __task -> : NEOUSDT initialized.
2023-09-02 21:22:29,398 INFO MainClasses.MainProcessor __task -> : ETHUSDT_231229 initialized.
2023-09-02 21:22:29,399 INFO MainClasses.MainProcessor __task -> : LINKUSDT initialized.
2023-09-02 21:22:29,399 INFO MainClasses.MainProcessor __task -> : BLURUSDT initialized.
2023-09-02 21:22:29,400 INFO MainClasses.MainProcessor __task -> : AGLDUSDT initialized.
2023-09-02 21:22:29,401 INFO MainClasses.MainProcessor __task -> : XEMUSDT initialized.
2023-09-02 21:22:29,401 INFO MainClasses.MainProcessor __task -> : GTCUSDT initialized.
2023-09-02 21:22:29,406 INFO MainClasses.MainProcessor __task -> : SOLUSDT initialized.
2023-09-02 21:22:29,408 INFO MainClasses.MainProcessor __task -> : BANDUSDT initialized.
2023-09-02 21:22:29,413 INFO MainClasses.MainProcessor __task -> : CELOUSDT initialized.
2023-09-02 21:22:29,419 INFO MainClasses.MainProcessor __task -> : APTUSDT initialized.
2023-09-02 21:22:29,420 INFO MainClasses.MainProcessor __task -> : COMPUSDT initialized.
2023-09-02 21:22:29,422 INFO MainClasses.MainProcessor __task -> : NEARUSDT initialized.
2023-09-02 21:22:29,424 INFO MainClasses.MainProcessor __task -> : ICXUSDT initialized.
2023-09-02 21:22:29,430 INFO MainClasses.MainProcessor __task -> : YGGUSDT initialized.
2023-09-02 21:22:29,434 INFO MainClasses.MainProcessor __task -> : TRBUSDT initialized.
2023-09-02 21:22:29,434 INFO MainClasses.MainProcessor __task -> : XVSUSDT initialized.
2023-09-02 21:22:29,435 INFO MainClasses.MainProcessor __task -> : ANTUSDT initialized.
2023-09-02 21:22:29,435 INFO MainClasses.MainProcessor __task -> : LEVERUSDT initialized.
2023-09-02 21:22:29,438 INFO MainClasses.MainProcessor __task -> : UMAUSDT initialized.
2023-09-02 21:22:29,439 INFO MainClasses.MainProcessor __task -> : SFPUSDT initialized.
2023-09-02 21:22:29,440 INFO MainClasses.MainProcessor __task -> : SANDUSDT initialized.
2023-09-02 21:22:29,445 INFO MainClasses.MainProcessor __task -> : USDCUSDT initialized.
2023-09-02 21:22:29,446 INFO MainClasses.MainProcessor __task -> : BAKEUSDT initialized.
2023-09-02 21:22:29,447 INFO MainClasses.MainProcessor __task -> : BLUEBIRDUSDT initialized.
2023-09-02 21:22:29,447 INFO MainClasses.MainProcessor __task -> : OXTUSDT initialized.
2023-09-02 21:22:29,448 INFO MainClasses.MainProcessor __task -> : MAGICUSDT initialized.
2023-09-02 21:22:29,460 INFO MainClasses.MainProcessor __task -> : RSRUSDT initialized.
2023-09-02 21:22:29,465 INFO MainClasses.MainProcessor __task -> : XTZUSDT initialized.
2023-09-02 21:22:29,467 INFO MainClasses.MainProcessor __task -> : SCUSDT initialized.
2023-09-02 21:22:29,469 INFO MainClasses.MainProcessor __task -> : CTKUSDT initialized.
2023-09-02 21:22:29,470 INFO MainClasses.MainProcessor __task -> : MTLUSDT initialized.
2023-09-02 21:22:29,470 INFO MainClasses.MainProcessor __task -> : PENDLEUSDT initialized.
2023-09-02 21:22:29,471 INFO MainClasses.MainProcessor __task -> : BTCUSDT initialized.
2023-09-02 21:22:29,471 INFO MainClasses.MainProcessor __task -> : FXSUSDT initialized.
2023-09-02 21:22:29,476 INFO MainClasses.MainProcessor __task -> : CHZUSDT initialized.
2023-09-02 21:22:29,477 INFO MainClasses.MainProcessor __task -> : SEIUSDT initialized.
2023-09-02 21:22:29,478 INFO MainClasses.MainProcessor __task -> : ARBUSDT initialized.
2023-09-02 21:22:29,479 INFO MainClasses.MainProcessor __task -> : ONEUSDT initialized.
2023-09-02 21:22:29,479 INFO MainClasses.MainProcessor __task -> : WOOUSDT initialized.
2023-09-02 21:22:29,484 INFO MainClasses.MainProcessor __task -> : 1INCHUSDT initialized.
2023-09-02 21:22:29,489 INFO MainClasses.MainProcessor __task -> : RAYUSDT initialized.
2023-09-02 21:22:29,499 INFO MainClasses.MainProcessor __task -> : 1000LUNCUSDT initialized.
2023-09-02 21:22:29,503 INFO MainClasses.MainProcessor __task -> : ARUSDT initialized.
2023-09-02 21:22:29,508 INFO MainClasses.MainProcessor __task -> : RENUSDT initialized.
2023-09-02 21:22:29,510 INFO MainClasses.MainProcessor __task -> : APEUSDT initialized.
2023-09-02 21:22:29,513 INFO MainClasses.MainProcessor __task -> : UNIUSDT initialized.
2023-09-02 21:22:29,515 INFO MainClasses.MainProcessor __task -> : DENTUSDT initialized.
2023-09-02 21:22:29,516 INFO MainClasses.MainProcessor __task -> : 1000PEPEUSDT initialized.
2023-09-02 21:22:29,523 INFO MainClasses.MainProcessor __task -> : BELUSDT initialized.
2023-09-02 21:22:29,526 INFO MainClasses.MainProcessor __task -> : WAVESUSDT initialized.
2023-09-02 21:22:29,530 INFO MainClasses.MainProcessor __task -> : UNFIUSDT initialized.
2023-09-02 21:22:29,532 INFO MainClasses.MainProcessor __task -> : COMBOUSDT initialized.
2023-09-02 21:22:29,535 INFO MainClasses.MainProcessor __task -> : THETAUSDT initialized.
2023-09-02 21:22:29,540 INFO MainClasses.MainProcessor __task -> : FTMUSDT initialized.
2023-09-02 21:22:29,542 INFO MainClasses.MainProcessor __task -> : RDNTUSDT initialized.
2023-09-02 21:22:29,543 INFO MainClasses.MainProcessor __task -> : MATICUSDT initialized.
2023-09-02 21:22:29,546 INFO MainClasses.MainProcessor __task -> : TOMOUSDT initialized.
2023-09-02 21:22:29,554 INFO MainClasses.MainProcessor __task -> : TLMUSDT initialized.
2023-09-02 21:22:29,565 INFO MainClasses.MainProcessor __task -> : BTCSTUSDT initialized.
2023-09-02 21:22:29,572 INFO MainClasses.MainProcessor __task -> : OPUSDT initialized.
2023-09-02 21:22:29,572 INFO MainClasses.MainProcessor __task -> : KAVAUSDT initialized.
2023-09-02 21:22:29,577 INFO MainClasses.MainProcessor __task -> : ICPUSDT initialized.
2023-09-02 21:22:29,579 INFO MainClasses.MainProcessor __task -> : CYBERUSDT initialized.
2023-09-02 21:22:29,580 INFO MainClasses.MainProcessor __task -> : DUSKUSDT initialized.
2023-09-02 21:22:29,582 INFO MainClasses.MainProcessor __task -> : SUSHIUSDT initialized.
2023-09-02 21:22:29,589 INFO MainClasses.MainProcessor __task -> : DOTUSDT initialized.
2023-09-02 21:22:29,593 INFO MainClasses.MainProcessor __task -> : IMXUSDT initialized.
2023-09-02 21:22:29,598 INFO MainClasses.MainProcessor __task -> : ENSUSDT initialized.
2023-09-02 21:22:29,603 INFO MainClasses.MainProcessor __task -> : SSVUSDT initialized.
2023-09-02 21:22:29,604 INFO MainClasses.MainProcessor __task -> : ETCUSDT initialized.
2023-09-02 21:22:29,617 INFO MainClasses.MainProcessor __task -> : BNBUSDT initialized.
2023-09-02 21:22:29,631 INFO MainClasses.MainProcessor __task -> : DEFIUSDT initialized.
2023-09-02 21:22:29,635 INFO MainClasses.MainProcessor __task -> : CRVUSDT initialized.
2023-09-02 21:22:29,774 INFO MainClasses.MainProcessor __task -> : DOGEUSDT initialized.
2023-09-02 21:22:50,911 INFO aiogram.event feed_update -> : Update id=125754108 is handled. Duration 1391 ms by bot id=6527246630
2023-09-02 21:40:18,774 INFO aiogram.dispatcher start_polling -> : Polling stopped
